2022-05-14 14:52:39,461 | DEBUG: Here you have some information for debugging.
2022-05-14 14:53:30,226 | INFO: Program Start ...
2022-05-14 14:58:28,134 | DEBUG: Starting new HTTPS connection (1): in.indeed.com:443
2022-05-14 14:58:31,006 | DEBUG: https://in.indeed.com:443 "GET /jobs?q=Data+Scientist&start=0&limit=100 HTTP/1.1" 200 None
2022-05-14 14:58:37,507 | DEBUG: Starting new HTTPS connection (1): in.indeed.com:443
2022-05-14 14:58:38,675 | DEBUG: https://in.indeed.com:443 "GET /jobs?q=Data+Scientist&start=100&limit=100 HTTP/1.1" 200 None
2022-05-14 14:58:44,718 | DEBUG: Starting new HTTPS connection (1): in.indeed.com:443
2022-05-14 14:58:45,948 | DEBUG: https://in.indeed.com:443 "GET /jobs?q=Data+Scientist&start=200&limit=100 HTTP/1.1" 200 None
2022-05-14 14:58:51,924 | DEBUG: Starting new HTTPS connection (1): in.indeed.com:443
2022-05-14 14:58:53,112 | DEBUG: https://in.indeed.com:443 "GET /jobs?q=Data+Scientist&start=300&limit=100 HTTP/1.1" 200 None
2022-05-14 14:58:59,234 | DEBUG: Starting new HTTPS connection (1): in.indeed.com:443
2022-05-14 14:59:00,496 | DEBUG: https://in.indeed.com:443 "GET /jobs?q=Data+Scientist&start=400&limit=100 HTTP/1.1" 200 None
2022-05-14 14:59:06,564 | DEBUG: Starting new HTTPS connection (1): in.indeed.com:443
2022-05-14 14:59:07,768 | DEBUG: https://in.indeed.com:443 "GET /jobs?q=Data+Scientist&start=500&limit=100 HTTP/1.1" 200 None
2022-05-14 14:59:13,788 | DEBUG: Starting new HTTPS connection (1): in.indeed.com:443
2022-05-14 14:59:14,920 | DEBUG: https://in.indeed.com:443 "GET /jobs?q=Data+Scientist&start=600&limit=100 HTTP/1.1" 200 None
2022-05-14 14:59:20,910 | DEBUG: Starting new HTTPS connection (1): in.indeed.com:443
2022-05-14 14:59:22,088 | DEBUG: https://in.indeed.com:443 "GET /jobs?q=Data+Scientist&start=700&limit=100 HTTP/1.1" 200 None
2022-05-14 14:59:28,238 | DEBUG: Starting new HTTPS connection (1): in.indeed.com:443
2022-05-14 14:59:29,472 | DEBUG: https://in.indeed.com:443 "GET /jobs?q=Data+Scientist&start=800&limit=100 HTTP/1.1" 200 None
2022-05-14 15:00:45,841 | INFO: -------------- Scrapping for : Data+Scientist Started --------------------------
2022-05-14 15:00:45,851 | DEBUG: Starting new HTTPS connection (1): in.indeed.com:443
2022-05-14 15:00:46,994 | DEBUG: https://in.indeed.com:443 "GET /jobs?q=Data+Scientist&start=0&limit=100 HTTP/1.1" 200 None
2022-05-14 15:00:52,594 | DEBUG: Starting new HTTPS connection (1): in.indeed.com:443
2022-05-14 15:02:21,101 | INFO: -------------- Scrapping for : Data+Scientist Started --------------------------
2022-05-14 15:02:21,110 | DEBUG: Starting new HTTPS connection (1): in.indeed.com:443
2022-05-14 15:02:22,422 | DEBUG: https://in.indeed.com:443 "GET /jobs?q=Data+Scientist&start=0&limit=100 HTTP/1.1" 200 None
2022-05-14 15:02:28,002 | DEBUG: Starting new HTTPS connection (1): in.indeed.com:443
2022-05-14 15:02:29,284 | DEBUG: https://in.indeed.com:443 "GET /jobs?q=Data+Scientist&start=100&limit=100 HTTP/1.1" 200 None
2022-05-14 15:02:34,882 | DEBUG: Starting new HTTPS connection (1): in.indeed.com:443
2022-05-14 15:02:36,054 | DEBUG: https://in.indeed.com:443 "GET /jobs?q=Data+Scientist&start=200&limit=100 HTTP/1.1" 200 None
2022-05-14 15:02:41,646 | DEBUG: Starting new HTTPS connection (1): in.indeed.com:443
2022-05-14 15:02:42,771 | DEBUG: https://in.indeed.com:443 "GET /jobs?q=Data+Scientist&start=300&limit=100 HTTP/1.1" 200 None
2022-05-14 15:02:48,370 | DEBUG: Starting new HTTPS connection (1): in.indeed.com:443
2022-05-14 15:02:49,555 | DEBUG: https://in.indeed.com:443 "GET /jobs?q=Data+Scientist&start=400&limit=100 HTTP/1.1" 200 None
2022-05-14 15:02:55,131 | DEBUG: Starting new HTTPS connection (1): in.indeed.com:443
2022-05-14 15:02:56,304 | DEBUG: https://in.indeed.com:443 "GET /jobs?q=Data+Scientist&start=500&limit=100 HTTP/1.1" 200 None
2022-05-14 15:03:02,385 | DEBUG: Starting new HTTPS connection (1): in.indeed.com:443
2022-05-14 15:03:03,588 | DEBUG: https://in.indeed.com:443 "GET /jobs?q=Data+Scientist&start=600&limit=100 HTTP/1.1" 200 None
2022-05-14 15:03:09,575 | DEBUG: Starting new HTTPS connection (1): in.indeed.com:443
2022-05-14 15:03:10,748 | DEBUG: https://in.indeed.com:443 "GET /jobs?q=Data+Scientist&start=700&limit=100 HTTP/1.1" 200 None
2022-05-14 15:03:16,744 | DEBUG: Starting new HTTPS connection (1): in.indeed.com:443
2022-05-14 15:03:17,916 | DEBUG: https://in.indeed.com:443 "GET /jobs?q=Data+Scientist&start=800&limit=100 HTTP/1.1" 200 None
2022-05-14 15:03:23,905 | DEBUG: Starting new HTTPS connection (1): in.indeed.com:443
2022-05-14 15:03:25,093 | DEBUG: https://in.indeed.com:443 "GET /jobs?q=Data+Scientist&start=900&limit=100 HTTP/1.1" 200 None
2022-05-14 15:03:31,079 | DEBUG: Starting new HTTPS connection (1): in.indeed.com:443
2022-05-14 15:03:32,267 | DEBUG: https://in.indeed.com:443 "GET /jobs?q=Data+Scientist&start=1000&limit=100 HTTP/1.1" 200 None
2022-05-14 15:03:37,528 | DEBUG: Starting new HTTPS connection (1): in.indeed.com:443
2022-05-14 15:03:38,716 | DEBUG: https://in.indeed.com:443 "GET /jobs?q=Data+Scientist&start=1100&limit=100 HTTP/1.1" 200 None
2022-05-14 15:03:43,999 | DEBUG: Starting new HTTPS connection (1): in.indeed.com:443
2022-05-14 15:03:45,170 | DEBUG: https://in.indeed.com:443 "GET /jobs?q=Data+Scientist&start=1200&limit=100 HTTP/1.1" 200 None
2022-05-14 15:03:50,736 | DEBUG: Starting new HTTPS connection (1): in.indeed.com:443
2022-05-14 15:03:51,814 | DEBUG: https://in.indeed.com:443 "GET /jobs?q=Data+Scientist&start=1300&limit=100 HTTP/1.1" 200 None
2022-05-14 15:03:57,633 | DEBUG: Starting new HTTPS connection (1): in.indeed.com:443
2022-05-14 15:03:58,789 | DEBUG: https://in.indeed.com:443 "GET /jobs?q=Data+Scientist&start=1400&limit=100 HTTP/1.1" 200 None
2022-05-14 15:04:04,029 | DEBUG: Starting new HTTPS connection (1): in.indeed.com:443
2022-05-14 15:04:05,241 | DEBUG: https://in.indeed.com:443 "GET /jobs?q=Data+Scientist&start=1500&limit=100 HTTP/1.1" 200 None
2022-05-14 15:04:10,819 | DEBUG: Starting new HTTPS connection (1): in.indeed.com:443
2022-05-14 15:04:12,101 | DEBUG: https://in.indeed.com:443 "GET /jobs?q=Data+Scientist&start=1600&limit=100 HTTP/1.1" 200 None
2022-05-14 15:04:17,649 | DEBUG: Starting new HTTPS connection (1): in.indeed.com:443
2022-05-14 15:04:18,852 | DEBUG: https://in.indeed.com:443 "GET /jobs?q=Data+Scientist&start=1700&limit=100 HTTP/1.1" 200 None
2022-05-14 15:04:24,161 | DEBUG: Starting new HTTPS connection (1): in.indeed.com:443
2022-05-14 15:04:25,301 | DEBUG: https://in.indeed.com:443 "GET /jobs?q=Data+Scientist&start=1800&limit=100 HTTP/1.1" 200 None
2022-05-14 15:04:30,883 | DEBUG: Starting new HTTPS connection (1): in.indeed.com:443
2022-05-14 15:04:32,058 | DEBUG: https://in.indeed.com:443 "GET /jobs?q=Data+Scientist&start=1900&limit=100 HTTP/1.1" 200 None
2022-05-14 15:04:38,349 | DEBUG: Starting new HTTPS connection (1): in.indeed.com:443
2022-05-14 15:04:39,528 | DEBUG: https://in.indeed.com:443 "GET /jobs?q=Data+Scientist&start=2000&limit=100 HTTP/1.1" 200 None
2022-05-14 15:04:45,099 | DEBUG: Starting new HTTPS connection (1): in.indeed.com:443
2022-05-14 15:04:46,192 | DEBUG: https://in.indeed.com:443 "GET /jobs?q=Data+Scientist&start=2100&limit=100 HTTP/1.1" 200 None
2022-05-14 15:04:51,878 | DEBUG: Starting new HTTPS connection (1): in.indeed.com:443
2022-05-14 15:04:53,053 | DEBUG: https://in.indeed.com:443 "GET /jobs?q=Data+Scientist&start=2200&limit=100 HTTP/1.1" 200 None
2022-05-14 15:04:58,724 | DEBUG: Starting new HTTPS connection (1): in.indeed.com:443
2022-05-14 15:04:59,912 | DEBUG: https://in.indeed.com:443 "GET /jobs?q=Data+Scientist&start=2300&limit=100 HTTP/1.1" 200 None
2022-05-14 15:05:05,475 | DEBUG: Starting new HTTPS connection (1): in.indeed.com:443
2022-05-14 15:05:06,601 | DEBUG: https://in.indeed.com:443 "GET /jobs?q=Data+Scientist&start=2400&limit=100 HTTP/1.1" 200 None
2022-05-14 15:05:12,306 | DEBUG: Starting new HTTPS connection (1): in.indeed.com:443
2022-05-14 15:05:13,333 | DEBUG: https://in.indeed.com:443 "GET /jobs?q=Data+Scientist&start=2500&limit=100 HTTP/1.1" 200 None
2022-05-14 15:05:18,604 | DEBUG: Starting new HTTPS connection (1): in.indeed.com:443
2022-05-14 15:05:19,777 | DEBUG: https://in.indeed.com:443 "GET /jobs?q=Data+Scientist&start=2600&limit=100 HTTP/1.1" 200 None
2022-05-14 15:05:25,366 | DEBUG: Starting new HTTPS connection (1): in.indeed.com:443
2022-05-14 15:05:26,647 | DEBUG: https://in.indeed.com:443 "GET /jobs?q=Data+Scientist&start=2700&limit=100 HTTP/1.1" 200 None
2022-05-14 15:05:32,022 | DEBUG: Starting new HTTPS connection (1): in.indeed.com:443
2022-05-14 15:05:33,195 | DEBUG: https://in.indeed.com:443 "GET /jobs?q=Data+Scientist&start=2800&limit=100 HTTP/1.1" 200 None
2022-05-14 15:05:38,862 | DEBUG: Starting new HTTPS connection (1): in.indeed.com:443
2022-05-14 15:05:39,956 | DEBUG: https://in.indeed.com:443 "GET /jobs?q=Data+Scientist&start=2900&limit=100 HTTP/1.1" 200 None
2022-05-14 15:05:45,644 | DEBUG: Starting new HTTPS connection (1): in.indeed.com:443
2022-05-14 15:05:46,815 | DEBUG: https://in.indeed.com:443 "GET /jobs?q=Data+Scientist&start=3000&limit=100 HTTP/1.1" 200 None
2022-05-14 15:05:52,482 | DEBUG: Starting new HTTPS connection (1): in.indeed.com:443
2022-05-14 15:05:53,942 | DEBUG: https://in.indeed.com:443 "GET /jobs?q=Data+Scientist&start=3100&limit=100 HTTP/1.1" 200 None
2022-05-14 15:06:00,179 | DEBUG: Starting new HTTPS connection (1): in.indeed.com:443
2022-05-14 15:06:01,461 | DEBUG: https://in.indeed.com:443 "GET /jobs?q=Data+Scientist&start=3200&limit=100 HTTP/1.1" 200 None
2022-05-14 15:06:06,730 | DEBUG: Starting new HTTPS connection (1): in.indeed.com:443
2022-05-14 15:06:07,875 | DEBUG: https://in.indeed.com:443 "GET /jobs?q=Data+Scientist&start=3300&limit=100 HTTP/1.1" 200 None
2022-05-14 15:06:13,594 | DEBUG: Starting new HTTPS connection (1): in.indeed.com:443
2022-05-14 15:06:14,780 | DEBUG: https://in.indeed.com:443 "GET /jobs?q=Data+Scientist&start=3400&limit=100 HTTP/1.1" 200 None
2022-05-14 15:06:20,359 | DEBUG: Starting new HTTPS connection (1): in.indeed.com:443
2022-05-14 15:06:22,466 | DEBUG: https://in.indeed.com:443 "GET /jobs?q=Data+Scientist&start=3500&limit=100 HTTP/1.1" 200 None
2022-05-14 15:06:29,346 | DEBUG: Starting new HTTPS connection (1): in.indeed.com:443
2022-05-14 15:06:30,644 | DEBUG: https://in.indeed.com:443 "GET /jobs?q=Data+Scientist&start=3600&limit=100 HTTP/1.1" 200 None
2022-05-14 15:06:36,216 | DEBUG: Starting new HTTPS connection (1): in.indeed.com:443
2022-05-14 15:06:37,404 | DEBUG: https://in.indeed.com:443 "GET /jobs?q=Data+Scientist&start=3700&limit=100 HTTP/1.1" 200 None
2022-05-14 15:06:42,685 | DEBUG: Starting new HTTPS connection (1): in.indeed.com:443
2022-05-14 15:06:43,954 | DEBUG: https://in.indeed.com:443 "GET /jobs?q=Data+Scientist&start=3800&limit=100 HTTP/1.1" 200 None
2022-05-14 15:06:49,725 | DEBUG: Starting new HTTPS connection (1): in.indeed.com:443
2022-05-14 15:06:50,913 | DEBUG: https://in.indeed.com:443 "GET /jobs?q=Data+Scientist&start=3900&limit=100 HTTP/1.1" 200 None
2022-05-14 15:06:56,494 | DEBUG: Starting new HTTPS connection (1): in.indeed.com:443
2022-05-14 15:06:57,682 | DEBUG: https://in.indeed.com:443 "GET /jobs?q=Data+Scientist&start=4000&limit=100 HTTP/1.1" 200 None
2022-05-14 15:07:02,933 | DEBUG: Starting new HTTPS connection (1): in.indeed.com:443
2022-05-14 15:07:04,135 | DEBUG: https://in.indeed.com:443 "GET /jobs?q=Data+Scientist&start=4100&limit=100 HTTP/1.1" 200 None
2022-05-14 15:07:10,009 | DEBUG: Starting new HTTPS connection (1): in.indeed.com:443
2022-05-14 15:07:11,189 | DEBUG: https://in.indeed.com:443 "GET /jobs?q=Data+Scientist&start=4200&limit=100 HTTP/1.1" 200 None
2022-05-14 15:07:17,022 | DEBUG: Starting new HTTPS connection (1): in.indeed.com:443
2022-05-14 15:07:18,271 | DEBUG: https://in.indeed.com:443 "GET /jobs?q=Data+Scientist&start=4300&limit=100 HTTP/1.1" 200 None
2022-05-14 15:07:24,656 | DEBUG: Starting new HTTPS connection (1): in.indeed.com:443
2022-05-14 15:07:26,156 | DEBUG: https://in.indeed.com:443 "GET /jobs?q=Data+Scientist&start=4400&limit=100 HTTP/1.1" 200 None
2022-05-14 15:07:32,953 | DEBUG: Starting new HTTPS connection (1): in.indeed.com:443
2022-05-14 15:07:34,140 | DEBUG: https://in.indeed.com:443 "GET /jobs?q=Data+Scientist&start=4500&limit=100 HTTP/1.1" 200 None
2022-05-14 15:07:40,230 | DEBUG: Starting new HTTPS connection (1): in.indeed.com:443
2022-05-14 15:07:41,296 | DEBUG: https://in.indeed.com:443 "GET /jobs?q=Data+Scientist&start=4600&limit=100 HTTP/1.1" 200 None
2022-05-14 15:07:47,579 | DEBUG: Starting new HTTPS connection (1): in.indeed.com:443
2022-05-14 15:07:48,843 | DEBUG: https://in.indeed.com:443 "GET /jobs?q=Data+Scientist&start=4700&limit=100 HTTP/1.1" 200 None
2022-05-14 15:07:55,590 | DEBUG: Starting new HTTPS connection (1): in.indeed.com:443
2022-05-14 15:07:56,768 | DEBUG: https://in.indeed.com:443 "GET /jobs?q=Data+Scientist&start=4800&limit=100 HTTP/1.1" 200 None
2022-05-14 15:08:03,333 | DEBUG: Starting new HTTPS connection (1): in.indeed.com:443
2022-05-14 15:08:04,459 | DEBUG: https://in.indeed.com:443 "GET /jobs?q=Data+Scientist&start=4900&limit=100 HTTP/1.1" 200 None
2022-05-14 15:08:09,745 | DEBUG: Starting new HTTPS connection (1): in.indeed.com:443
2022-05-14 15:08:10,896 | DEBUG: https://in.indeed.com:443 "GET /jobs?q=Data+Scientist&start=5000&limit=100 HTTP/1.1" 200 None
2022-05-14 15:08:16,464 | DEBUG: Starting new HTTPS connection (1): in.indeed.com:443
2022-05-14 15:08:17,551 | DEBUG: https://in.indeed.com:443 "GET /jobs?q=Data+Scientist&start=5100&limit=100 HTTP/1.1" 200 None
2022-05-14 15:08:22,809 | DEBUG: Starting new HTTPS connection (1): in.indeed.com:443
2022-05-14 15:08:25,653 | DEBUG: https://in.indeed.com:443 "GET /jobs?q=Data+Scientist&start=5200&limit=100 HTTP/1.1" 200 None
2022-05-14 15:08:33,762 | DEBUG: Starting new HTTPS connection (1): in.indeed.com:443
2022-05-14 15:08:35,669 | DEBUG: https://in.indeed.com:443 "GET /jobs?q=Data+Scientist&start=5300&limit=100 HTTP/1.1" 200 None
2022-05-14 15:08:42,447 | DEBUG: Starting new HTTPS connection (1): in.indeed.com:443
2022-05-14 15:08:44,175 | DEBUG: https://in.indeed.com:443 "GET /jobs?q=Data+Scientist&start=5400&limit=100 HTTP/1.1" 200 None
2022-05-14 15:08:51,602 | DEBUG: Starting new HTTPS connection (1): in.indeed.com:443
2022-05-14 15:08:52,976 | DEBUG: https://in.indeed.com:443 "GET /jobs?q=Data+Scientist&start=5500&limit=100 HTTP/1.1" 200 None
2022-05-14 15:09:01,032 | DEBUG: Starting new HTTPS connection (1): in.indeed.com:443
2022-05-14 15:09:02,205 | DEBUG: https://in.indeed.com:443 "GET /jobs?q=Data+Scientist&start=5600&limit=100 HTTP/1.1" 200 None
2022-05-14 15:09:09,597 | DEBUG: Starting new HTTPS connection (1): in.indeed.com:443
2022-05-14 15:09:10,645 | DEBUG: https://in.indeed.com:443 "GET /jobs?q=Data+Scientist&start=5700&limit=100 HTTP/1.1" 200 None
2022-05-14 15:09:16,662 | DEBUG: Starting new HTTPS connection (1): in.indeed.com:443
2022-05-14 15:09:17,763 | DEBUG: https://in.indeed.com:443 "GET /jobs?q=Data+Scientist&start=5800&limit=100 HTTP/1.1" 200 None
2022-05-14 15:09:24,289 | DEBUG: Starting new HTTPS connection (1): in.indeed.com:443
2022-05-14 15:09:25,555 | DEBUG: https://in.indeed.com:443 "GET /jobs?q=Data+Scientist&start=5900&limit=100 HTTP/1.1" 200 None
2022-05-14 15:09:31,948 | DEBUG: Starting new HTTPS connection (1): in.indeed.com:443
2022-05-14 15:09:33,334 | DEBUG: https://in.indeed.com:443 "GET /jobs?q=Data+Scientist&start=6000&limit=100 HTTP/1.1" 200 None
2022-05-14 15:09:39,911 | DEBUG: Starting new HTTPS connection (1): in.indeed.com:443
2022-05-14 15:09:41,009 | DEBUG: https://in.indeed.com:443 "GET /jobs?q=Data+Scientist&start=6100&limit=100 HTTP/1.1" 200 None
2022-05-14 15:09:47,077 | DEBUG: Starting new HTTPS connection (1): in.indeed.com:443
2022-05-14 15:09:48,287 | DEBUG: https://in.indeed.com:443 "GET /jobs?q=Data+Scientist&start=6200&limit=100 HTTP/1.1" 200 None
2022-05-14 15:09:54,365 | DEBUG: Starting new HTTPS connection (1): in.indeed.com:443
2022-05-14 15:09:55,561 | DEBUG: https://in.indeed.com:443 "GET /jobs?q=Data+Scientist&start=6300&limit=100 HTTP/1.1" 200 None
2022-05-14 15:10:02,238 | DEBUG: Starting new HTTPS connection (1): in.indeed.com:443
2022-05-14 15:10:03,537 | DEBUG: https://in.indeed.com:443 "GET /jobs?q=Data+Scientist&start=6400&limit=100 HTTP/1.1" 200 None
2022-05-14 15:10:10,128 | DEBUG: Starting new HTTPS connection (1): in.indeed.com:443
2022-05-14 15:10:11,326 | DEBUG: https://in.indeed.com:443 "GET /jobs?q=Data+Scientist&start=6500&limit=100 HTTP/1.1" 200 None
2022-05-14 15:10:17,677 | DEBUG: Starting new HTTPS connection (1): in.indeed.com:443
2022-05-14 15:10:18,699 | DEBUG: https://in.indeed.com:443 "GET /jobs?q=Data+Scientist&start=6600&limit=100 HTTP/1.1" 200 None
2022-05-14 15:10:25,206 | DEBUG: Starting new HTTPS connection (1): in.indeed.com:443
2022-05-14 15:10:26,330 | DEBUG: https://in.indeed.com:443 "GET /jobs?q=Data+Scientist&start=6700&limit=100 HTTP/1.1" 200 None
2022-05-14 15:10:32,440 | DEBUG: Starting new HTTPS connection (1): in.indeed.com:443
2022-05-14 15:10:34,674 | DEBUG: https://in.indeed.com:443 "GET /jobs?q=Data+Scientist&start=6800&limit=100 HTTP/1.1" 200 None
2022-05-14 15:10:40,854 | DEBUG: Starting new HTTPS connection (1): in.indeed.com:443
2022-05-14 15:10:42,150 | DEBUG: https://in.indeed.com:443 "GET /jobs?q=Data+Scientist&start=6900&limit=100 HTTP/1.1" 200 None
2022-05-14 15:10:48,951 | DEBUG: Starting new HTTPS connection (1): in.indeed.com:443
2022-05-14 15:10:50,142 | DEBUG: https://in.indeed.com:443 "GET /jobs?q=Data+Scientist&start=7000&limit=100 HTTP/1.1" 200 None
2022-05-14 15:10:56,723 | DEBUG: Starting new HTTPS connection (1): in.indeed.com:443
2022-05-14 15:10:58,114 | DEBUG: https://in.indeed.com:443 "GET /jobs?q=Data+Scientist&start=7100&limit=100 HTTP/1.1" 200 None
2022-05-14 15:11:04,715 | DEBUG: Starting new HTTPS connection (1): in.indeed.com:443
2022-05-14 15:11:17,863 | DEBUG: https://in.indeed.com:443 "GET /jobs?q=Data+Scientist&start=7200&limit=100 HTTP/1.1" 200 None
2022-05-14 15:11:24,984 | DEBUG: Starting new HTTPS connection (1): in.indeed.com:443
2022-05-14 15:11:26,184 | DEBUG: https://in.indeed.com:443 "GET /jobs?q=Data+Scientist&start=7300&limit=100 HTTP/1.1" 200 None
2022-05-14 15:11:32,797 | DEBUG: Starting new HTTPS connection (1): in.indeed.com:443
2022-05-14 15:11:34,056 | DEBUG: https://in.indeed.com:443 "GET /jobs?q=Data+Scientist&start=7400&limit=100 HTTP/1.1" 200 None
2022-05-14 15:11:40,661 | DEBUG: Starting new HTTPS connection (1): in.indeed.com:443
2022-05-14 15:11:41,958 | DEBUG: https://in.indeed.com:443 "GET /jobs?q=Data+Scientist&start=7500&limit=100 HTTP/1.1" 200 None
2022-05-14 15:11:48,547 | DEBUG: Starting new HTTPS connection (1): in.indeed.com:443
2022-05-14 15:11:49,730 | DEBUG: https://in.indeed.com:443 "GET /jobs?q=Data+Scientist&start=7600&limit=100 HTTP/1.1" 200 None
2022-05-14 15:11:56,417 | DEBUG: Starting new HTTPS connection (1): in.indeed.com:443
2022-05-14 15:11:57,511 | DEBUG: https://in.indeed.com:443 "GET /jobs?q=Data+Scientist&start=7700&limit=100 HTTP/1.1" 200 None
2022-05-14 15:12:03,585 | DEBUG: Starting new HTTPS connection (1): in.indeed.com:443
2022-05-14 15:12:09,805 | DEBUG: https://in.indeed.com:443 "GET /jobs?q=Data+Scientist&start=7800&limit=100 HTTP/1.1" 200 None
2022-05-14 15:12:16,806 | DEBUG: Starting new HTTPS connection (1): in.indeed.com:443
2022-05-14 15:12:17,993 | DEBUG: https://in.indeed.com:443 "GET /jobs?q=Data+Scientist&start=7900&limit=100 HTTP/1.1" 200 None
2022-05-14 15:12:25,610 | DEBUG: Starting new HTTPS connection (1): in.indeed.com:443
2022-05-14 15:12:26,797 | DEBUG: https://in.indeed.com:443 "GET /jobs?q=Data+Scientist&start=8000&limit=100 HTTP/1.1" 200 None
2022-05-14 15:12:33,127 | DEBUG: Starting new HTTPS connection (1): in.indeed.com:443
2022-05-14 15:12:35,815 | DEBUG: https://in.indeed.com:443 "GET /jobs?q=Data+Scientist&start=8100&limit=100 HTTP/1.1" 200 None
2022-05-14 15:12:42,404 | DEBUG: Starting new HTTPS connection (1): in.indeed.com:443
2022-05-14 15:12:43,498 | DEBUG: https://in.indeed.com:443 "GET /jobs?q=Data+Scientist&start=8200&limit=100 HTTP/1.1" 200 None
2022-05-14 15:12:49,564 | DEBUG: Starting new HTTPS connection (1): in.indeed.com:443
2022-05-14 15:12:50,861 | DEBUG: https://in.indeed.com:443 "GET /jobs?q=Data+Scientist&start=8300&limit=100 HTTP/1.1" 200 None
2022-05-14 15:12:57,266 | DEBUG: Starting new HTTPS connection (1): in.indeed.com:443
2022-05-14 15:12:58,547 | DEBUG: https://in.indeed.com:443 "GET /jobs?q=Data+Scientist&start=8400&limit=100 HTTP/1.1" 200 None
2022-05-14 15:13:04,953 | DEBUG: Starting new HTTPS connection (1): in.indeed.com:443
2022-05-14 15:13:06,126 | DEBUG: https://in.indeed.com:443 "GET /jobs?q=Data+Scientist&start=8500&limit=100 HTTP/1.1" 200 None
2022-05-14 15:13:12,190 | DEBUG: Starting new HTTPS connection (1): in.indeed.com:443
2022-05-14 15:13:13,409 | DEBUG: https://in.indeed.com:443 "GET /jobs?q=Data+Scientist&start=8600&limit=100 HTTP/1.1" 200 None
2022-05-14 15:13:19,972 | DEBUG: Starting new HTTPS connection (1): in.indeed.com:443
2022-05-14 15:13:21,082 | DEBUG: https://in.indeed.com:443 "GET /jobs?q=Data+Scientist&start=8700&limit=100 HTTP/1.1" 200 None
2022-05-14 15:13:27,168 | DEBUG: Starting new HTTPS connection (1): in.indeed.com:443
2022-05-14 15:13:29,062 | DEBUG: https://in.indeed.com:443 "GET /jobs?q=Data+Scientist&start=8800&limit=100 HTTP/1.1" 200 None
2022-05-14 15:13:36,285 | DEBUG: Starting new HTTPS connection (1): in.indeed.com:443
2022-05-14 15:13:37,675 | DEBUG: https://in.indeed.com:443 "GET /jobs?q=Data+Scientist&start=8900&limit=100 HTTP/1.1" 200 None
2022-05-14 15:13:44,058 | DEBUG: Starting new HTTPS connection (1): in.indeed.com:443
2022-05-14 15:13:45,136 | DEBUG: https://in.indeed.com:443 "GET /jobs?q=Data+Scientist&start=9000&limit=100 HTTP/1.1" 200 None
2022-05-14 15:13:51,734 | DEBUG: Starting new HTTPS connection (1): in.indeed.com:443
2022-05-14 15:13:53,740 | DEBUG: https://in.indeed.com:443 "GET /jobs?q=Data+Scientist&start=9100&limit=100 HTTP/1.1" 200 None
2022-05-14 15:13:59,803 | DEBUG: Starting new HTTPS connection (1): in.indeed.com:443
2022-05-14 15:14:00,912 | DEBUG: https://in.indeed.com:443 "GET /jobs?q=Data+Scientist&start=9200&limit=100 HTTP/1.1" 200 None
2022-05-14 15:14:06,969 | DEBUG: Starting new HTTPS connection (1): in.indeed.com:443
2022-05-14 15:14:08,172 | DEBUG: https://in.indeed.com:443 "GET /jobs?q=Data+Scientist&start=9300&limit=100 HTTP/1.1" 200 None
2022-05-14 15:14:14,719 | DEBUG: Starting new HTTPS connection (1): in.indeed.com:443
2022-05-14 15:14:15,860 | DEBUG: https://in.indeed.com:443 "GET /jobs?q=Data+Scientist&start=9400&limit=100 HTTP/1.1" 200 None
2022-05-14 15:14:22,568 | DEBUG: Starting new HTTPS connection (1): in.indeed.com:443
2022-05-14 15:14:23,849 | DEBUG: https://in.indeed.com:443 "GET /jobs?q=Data+Scientist&start=9500&limit=100 HTTP/1.1" 200 None
2022-05-14 15:14:33,010 | DEBUG: Starting new HTTPS connection (1): in.indeed.com:443
2022-05-14 15:14:34,182 | DEBUG: https://in.indeed.com:443 "GET /jobs?q=Data+Scientist&start=9600&limit=100 HTTP/1.1" 200 None
2022-05-14 15:14:40,802 | DEBUG: Starting new HTTPS connection (1): in.indeed.com:443
2022-05-14 15:14:41,971 | DEBUG: https://in.indeed.com:443 "GET /jobs?q=Data+Scientist&start=9700&limit=100 HTTP/1.1" 200 None
2022-05-14 15:14:48,046 | DEBUG: Starting new HTTPS connection (1): in.indeed.com:443
2022-05-14 15:14:51,907 | DEBUG: https://in.indeed.com:443 "GET /jobs?q=Data+Scientist&start=9800&limit=100 HTTP/1.1" 200 None
2022-05-14 15:14:59,122 | DEBUG: Starting new HTTPS connection (1): in.indeed.com:443
2022-05-14 15:15:00,307 | DEBUG: https://in.indeed.com:443 "GET /jobs?q=Data+Scientist&start=9900&limit=100 HTTP/1.1" 200 None
2022-05-14 15:15:06,698 | DEBUG: Starting new HTTPS connection (1): in.indeed.com:443
2022-05-14 15:15:07,982 | DEBUG: https://in.indeed.com:443 "GET /jobs?q=Data+Scientist&start=10000&limit=100 HTTP/1.1" 200 None
2022-05-14 15:15:14,609 | DEBUG: Starting new HTTPS connection (1): in.indeed.com:443
2022-05-14 15:15:15,765 | DEBUG: https://in.indeed.com:443 "GET /jobs?q=Data+Scientist&start=10100&limit=100 HTTP/1.1" 200 None
2022-05-14 15:15:22,158 | DEBUG: Starting new HTTPS connection (1): in.indeed.com:443
2022-05-14 15:15:25,695 | DEBUG: https://in.indeed.com:443 "GET /jobs?q=Data+Scientist&start=10200&limit=100 HTTP/1.1" 200 None
2022-05-14 15:15:32,299 | DEBUG: Starting new HTTPS connection (1): in.indeed.com:443
2022-05-14 15:15:33,486 | DEBUG: https://in.indeed.com:443 "GET /jobs?q=Data+Scientist&start=10300&limit=100 HTTP/1.1" 200 None
2022-05-14 15:15:39,555 | DEBUG: Starting new HTTPS connection (1): in.indeed.com:443
2022-05-14 15:15:41,722 | DEBUG: https://in.indeed.com:443 "GET /jobs?q=Data+Scientist&start=10400&limit=100 HTTP/1.1" 200 None
2022-05-14 15:15:47,751 | DEBUG: Starting new HTTPS connection (1): in.indeed.com:443
2022-05-14 15:15:48,951 | DEBUG: https://in.indeed.com:443 "GET /jobs?q=Data+Scientist&start=10500&limit=100 HTTP/1.1" 200 None
2022-05-14 15:15:55,038 | DEBUG: Starting new HTTPS connection (1): in.indeed.com:443
2022-05-14 15:15:56,210 | DEBUG: https://in.indeed.com:443 "GET /jobs?q=Data+Scientist&start=10600&limit=100 HTTP/1.1" 200 None
2022-05-14 15:16:02,303 | DEBUG: Starting new HTTPS connection (1): in.indeed.com:443
2022-05-14 15:16:03,479 | DEBUG: https://in.indeed.com:443 "GET /jobs?q=Data+Scientist&start=10700&limit=100 HTTP/1.1" 200 None
2022-05-14 15:16:09,695 | DEBUG: Starting new HTTPS connection (1): in.indeed.com:443
2022-05-14 15:16:10,758 | DEBUG: https://in.indeed.com:443 "GET /jobs?q=Data+Scientist&start=10800&limit=100 HTTP/1.1" 200 None
2022-05-14 15:16:16,846 | DEBUG: Starting new HTTPS connection (1): in.indeed.com:443
2022-05-14 15:16:18,128 | DEBUG: https://in.indeed.com:443 "GET /jobs?q=Data+Scientist&start=10900&limit=100 HTTP/1.1" 200 None
2022-05-14 15:16:24,727 | DEBUG: Starting new HTTPS connection (1): in.indeed.com:443
2022-05-14 15:16:25,914 | DEBUG: https://in.indeed.com:443 "GET /jobs?q=Data+Scientist&start=11000&limit=100 HTTP/1.1" 200 None
2022-05-14 15:16:32,431 | DEBUG: Starting new HTTPS connection (1): in.indeed.com:443
2022-05-14 15:16:34,713 | DEBUG: https://in.indeed.com:443 "GET /jobs?q=Data+Scientist&start=11100&limit=100 HTTP/1.1" 200 None
2022-05-14 15:16:41,517 | DEBUG: Starting new HTTPS connection (1): in.indeed.com:443
2022-05-14 15:16:42,814 | DEBUG: https://in.indeed.com:443 "GET /jobs?q=Data+Scientist&start=11200&limit=100 HTTP/1.1" 200 None
2022-05-14 15:16:49,388 | DEBUG: Starting new HTTPS connection (1): in.indeed.com:443
2022-05-14 15:17:42,300 | DEBUG: https://in.indeed.com:443 "GET /jobs?q=Data+Scientist&start=11300&limit=100 HTTP/1.1" 200 None
2022-05-14 15:17:50,114 | DEBUG: Starting new HTTPS connection (1): in.indeed.com:443
2022-05-14 15:17:51,207 | DEBUG: https://in.indeed.com:443 "GET /jobs?q=Data+Scientist&start=11400&limit=100 HTTP/1.1" 200 None
2022-05-14 15:17:57,819 | DEBUG: Starting new HTTPS connection (1): in.indeed.com:443
2022-05-14 15:17:59,100 | DEBUG: https://in.indeed.com:443 "GET /jobs?q=Data+Scientist&start=11500&limit=100 HTTP/1.1" 200 None
2022-05-14 15:18:05,693 | DEBUG: Starting new HTTPS connection (1): in.indeed.com:443
2022-05-14 15:18:10,266 | DEBUG: https://in.indeed.com:443 "GET /jobs?q=Data+Scientist&start=11600&limit=100 HTTP/1.1" 200 None
2022-05-14 15:18:17,218 | DEBUG: Starting new HTTPS connection (1): in.indeed.com:443
2022-05-14 15:18:18,156 | DEBUG: https://in.indeed.com:443 "GET /jobs?q=Data+Scientist&start=11700&limit=100 HTTP/1.1" 200 None
2022-05-14 15:18:24,363 | DEBUG: Starting new HTTPS connection (1): in.indeed.com:443
2022-05-14 15:18:25,519 | DEBUG: https://in.indeed.com:443 "GET /jobs?q=Data+Scientist&start=11800&limit=100 HTTP/1.1" 200 None
2022-05-14 15:18:32,171 | DEBUG: Starting new HTTPS connection (1): in.indeed.com:443
2022-05-14 15:18:33,295 | DEBUG: https://in.indeed.com:443 "GET /jobs?q=Data+Scientist&start=11900&limit=100 HTTP/1.1" 200 None
2022-05-14 15:18:39,885 | DEBUG: Starting new HTTPS connection (1): in.indeed.com:443
2022-05-14 15:18:44,662 | DEBUG: https://in.indeed.com:443 "GET /jobs?q=Data+Scientist&start=12000&limit=100 HTTP/1.1" 200 None
2022-05-14 15:18:52,073 | DEBUG: Starting new HTTPS connection (1): in.indeed.com:443
2022-05-14 15:18:53,374 | DEBUG: https://in.indeed.com:443 "GET /jobs?q=Data+Scientist&start=12100&limit=100 HTTP/1.1" 200 None
2022-05-14 15:19:00,209 | DEBUG: Starting new HTTPS connection (1): in.indeed.com:443
2022-05-14 15:19:01,179 | DEBUG: https://in.indeed.com:443 "GET /jobs?q=Data+Scientist&start=12200&limit=100 HTTP/1.1" 200 None
2022-05-14 15:19:07,375 | DEBUG: Starting new HTTPS connection (1): in.indeed.com:443
2022-05-14 15:19:08,425 | DEBUG: https://in.indeed.com:443 "GET /jobs?q=Data+Scientist&start=12300&limit=100 HTTP/1.1" 200 None
2022-05-14 15:19:14,872 | DEBUG: Starting new HTTPS connection (1): in.indeed.com:443
2022-05-14 15:19:27,156 | DEBUG: https://in.indeed.com:443 "GET /jobs?q=Data+Scientist&start=12400&limit=100 HTTP/1.1" 200 None
2022-05-14 15:19:34,790 | DEBUG: Starting new HTTPS connection (1): in.indeed.com:443
2022-05-14 15:19:36,078 | DEBUG: https://in.indeed.com:443 "GET /jobs?q=Data+Scientist&start=12500&limit=100 HTTP/1.1" 200 None
2022-05-14 15:19:42,673 | DEBUG: Starting new HTTPS connection (1): in.indeed.com:443
2022-05-14 15:20:10,949 | DEBUG: https://in.indeed.com:443 "GET /jobs?q=Data+Scientist&start=12600&limit=100 HTTP/1.1" 200 None
2022-05-14 15:20:18,318 | DEBUG: Starting new HTTPS connection (1): in.indeed.com:443
2022-05-14 15:20:19,491 | DEBUG: https://in.indeed.com:443 "GET /jobs?q=Data+Scientist&start=12700&limit=100 HTTP/1.1" 200 None
2022-05-14 15:20:25,901 | DEBUG: Starting new HTTPS connection (1): in.indeed.com:443
2022-05-14 15:20:27,272 | DEBUG: https://in.indeed.com:443 "GET /jobs?q=Data+Scientist&start=12800&limit=100 HTTP/1.1" 200 None
2022-05-14 15:20:33,162 | DEBUG: Starting new HTTPS connection (1): in.indeed.com:443
2022-05-14 15:20:34,438 | DEBUG: https://in.indeed.com:443 "GET /jobs?q=Data+Scientist&start=12900&limit=100 HTTP/1.1" 200 None
2022-05-14 15:20:41,028 | DEBUG: Starting new HTTPS connection (1): in.indeed.com:443
2022-05-14 15:20:42,213 | DEBUG: https://in.indeed.com:443 "GET /jobs?q=Data+Scientist&start=13000&limit=100 HTTP/1.1" 200 None
2022-05-14 15:20:48,294 | DEBUG: Starting new HTTPS connection (1): in.indeed.com:443
2022-05-14 15:20:49,598 | DEBUG: https://in.indeed.com:443 "GET /jobs?q=Data+Scientist&start=13100&limit=100 HTTP/1.1" 200 None
2022-05-14 15:20:56,201 | DEBUG: Starting new HTTPS connection (1): in.indeed.com:443
2022-05-14 15:20:57,381 | DEBUG: https://in.indeed.com:443 "GET /jobs?q=Data+Scientist&start=13200&limit=100 HTTP/1.1" 200 None
2022-05-14 15:21:03,192 | DEBUG: Starting new HTTPS connection (1): in.indeed.com:443
2022-05-14 15:21:06,383 | DEBUG: https://in.indeed.com:443 "GET /jobs?q=Data+Scientist&start=13300&limit=100 HTTP/1.1" 200 None
2022-05-14 15:21:13,214 | DEBUG: Starting new HTTPS connection (1): in.indeed.com:443
2022-05-14 15:21:14,480 | DEBUG: https://in.indeed.com:443 "GET /jobs?q=Data+Scientist&start=13400&limit=100 HTTP/1.1" 200 None
2022-05-14 15:21:25,966 | DEBUG: Starting new HTTPS connection (1): in.indeed.com:443
2022-05-14 15:21:27,169 | DEBUG: https://in.indeed.com:443 "GET /jobs?q=Data+Scientist&start=13500&limit=100 HTTP/1.1" 200 None
2022-05-14 15:21:33,064 | DEBUG: Starting new HTTPS connection (1): in.indeed.com:443
2022-05-14 15:21:34,109 | DEBUG: https://in.indeed.com:443 "GET /jobs?q=Data+Scientist&start=13600&limit=100 HTTP/1.1" 200 None
2022-05-14 15:21:40,500 | DEBUG: Starting new HTTPS connection (1): in.indeed.com:443
2022-05-14 15:21:41,602 | DEBUG: https://in.indeed.com:443 "GET /jobs?q=Data+Scientist&start=13700&limit=100 HTTP/1.1" 200 None
2022-05-14 15:21:47,694 | DEBUG: Starting new HTTPS connection (1): in.indeed.com:443
2022-05-14 15:21:48,890 | DEBUG: https://in.indeed.com:443 "GET /jobs?q=Data+Scientist&start=13800&limit=100 HTTP/1.1" 200 None
2022-05-14 15:21:59,488 | DEBUG: Starting new HTTPS connection (1): in.indeed.com:443
2022-05-14 15:22:00,560 | DEBUG: https://in.indeed.com:443 "GET /jobs?q=Data+Scientist&start=13900&limit=100 HTTP/1.1" 200 None
2022-05-14 15:22:06,954 | DEBUG: Starting new HTTPS connection (1): in.indeed.com:443
2022-05-14 15:22:07,909 | DEBUG: https://in.indeed.com:443 "GET /jobs?q=Data+Scientist&start=14000&limit=100 HTTP/1.1" 200 None
2022-05-14 15:22:13,767 | DEBUG: Starting new HTTPS connection (1): in.indeed.com:443
2022-05-14 15:22:14,800 | DEBUG: https://in.indeed.com:443 "GET /jobs?q=Data+Scientist&start=14100&limit=100 HTTP/1.1" 200 None
2022-05-14 15:22:20,757 | DEBUG: Starting new HTTPS connection (1): in.indeed.com:443
2022-05-14 15:22:21,856 | DEBUG: https://in.indeed.com:443 "GET /jobs?q=Data+Scientist&start=14200&limit=100 HTTP/1.1" 200 None
2022-05-14 15:22:28,412 | DEBUG: Starting new HTTPS connection (1): in.indeed.com:443
2022-05-14 15:22:29,570 | DEBUG: https://in.indeed.com:443 "GET /jobs?q=Data+Scientist&start=14300&limit=100 HTTP/1.1" 200 None
2022-05-14 15:22:36,385 | DEBUG: Starting new HTTPS connection (1): in.indeed.com:443
2022-05-14 15:22:37,375 | DEBUG: https://in.indeed.com:443 "GET /jobs?q=Data+Scientist&start=14400&limit=100 HTTP/1.1" 200 None
2022-05-14 15:22:44,073 | DEBUG: Starting new HTTPS connection (1): in.indeed.com:443
2022-05-14 15:22:45,381 | DEBUG: https://in.indeed.com:443 "GET /jobs?q=Data+Scientist&start=14500&limit=100 HTTP/1.1" 200 None
2022-05-14 15:22:51,518 | DEBUG: Starting new HTTPS connection (1): in.indeed.com:443
2022-05-14 15:22:52,928 | DEBUG: https://in.indeed.com:443 "GET /jobs?q=Data+Scientist&start=14600&limit=100 HTTP/1.1" 200 None
2022-05-14 15:22:59,441 | DEBUG: Starting new HTTPS connection (1): in.indeed.com:443
2022-05-14 15:23:00,559 | DEBUG: https://in.indeed.com:443 "GET /jobs?q=Data+Scientist&start=14700&limit=100 HTTP/1.1" 200 None
2022-05-14 15:23:07,172 | DEBUG: Starting new HTTPS connection (1): in.indeed.com:443
2022-05-14 15:23:08,165 | DEBUG: https://in.indeed.com:443 "GET /jobs?q=Data+Scientist&start=14800&limit=100 HTTP/1.1" 200 None
2022-05-14 15:23:14,495 | DEBUG: Starting new HTTPS connection (1): in.indeed.com:443
2022-05-14 15:23:15,550 | DEBUG: https://in.indeed.com:443 "GET /jobs?q=Data+Scientist&start=14900&limit=100 HTTP/1.1" 200 None
2022-05-14 15:23:21,475 | DEBUG: Starting new HTTPS connection (1): in.indeed.com:443
2022-05-14 15:23:22,460 | DEBUG: https://in.indeed.com:443 "GET /jobs?q=Data+Scientist&start=15000&limit=100 HTTP/1.1" 200 None
2022-05-14 15:23:28,390 | DEBUG: Starting new HTTPS connection (1): in.indeed.com:443
2022-05-14 15:23:29,465 | DEBUG: https://in.indeed.com:443 "GET /jobs?q=Data+Scientist&start=15100&limit=100 HTTP/1.1" 200 None
2022-05-14 15:23:35,729 | DEBUG: Starting new HTTPS connection (1): in.indeed.com:443
2022-05-14 15:23:37,331 | DEBUG: https://in.indeed.com:443 "GET /jobs?q=Data+Scientist&start=15200&limit=100 HTTP/1.1" 200 None
2022-05-14 15:23:44,379 | DEBUG: Starting new HTTPS connection (1): in.indeed.com:443
2022-05-14 15:23:45,520 | DEBUG: https://in.indeed.com:443 "GET /jobs?q=Data+Scientist&start=15300&limit=100 HTTP/1.1" 200 None
2022-05-14 15:23:52,130 | DEBUG: Starting new HTTPS connection (1): in.indeed.com:443
2022-05-14 15:23:53,308 | DEBUG: https://in.indeed.com:443 "GET /jobs?q=Data+Scientist&start=15400&limit=100 HTTP/1.1" 200 None
2022-05-14 15:23:59,405 | DEBUG: Starting new HTTPS connection (1): in.indeed.com:443
2022-05-14 15:24:03,552 | DEBUG: https://in.indeed.com:443 "GET /jobs?q=Data+Scientist&start=15500&limit=100 HTTP/1.1" 200 None
2022-05-14 15:24:10,556 | DEBUG: Starting new HTTPS connection (1): in.indeed.com:443
2022-05-14 15:24:13,277 | DEBUG: https://in.indeed.com:443 "GET /jobs?q=Data+Scientist&start=15600&limit=100 HTTP/1.1" 200 None
2022-05-14 15:24:19,778 | DEBUG: Starting new HTTPS connection (1): in.indeed.com:443
2022-05-14 15:24:22,081 | DEBUG: https://in.indeed.com:443 "GET /jobs?q=Data+Scientist&start=15700&limit=100 HTTP/1.1" 200 None
2022-05-14 15:24:28,383 | DEBUG: Starting new HTTPS connection (1): in.indeed.com:443
2022-05-14 15:24:29,560 | DEBUG: https://in.indeed.com:443 "GET /jobs?q=Data+Scientist&start=15800&limit=100 HTTP/1.1" 200 None
2022-05-14 15:24:36,473 | DEBUG: Starting new HTTPS connection (1): in.indeed.com:443
2022-05-14 15:24:37,749 | DEBUG: https://in.indeed.com:443 "GET /jobs?q=Data+Scientist&start=15900&limit=100 HTTP/1.1" 200 None
2022-05-14 15:24:44,177 | DEBUG: Starting new HTTPS connection (1): in.indeed.com:443
2022-05-14 15:24:45,428 | DEBUG: https://in.indeed.com:443 "GET /jobs?q=Data+Scientist&start=16000&limit=100 HTTP/1.1" 200 None
2022-05-14 15:24:52,058 | DEBUG: Starting new HTTPS connection (1): in.indeed.com:443
2022-05-14 15:24:53,210 | DEBUG: https://in.indeed.com:443 "GET /jobs?q=Data+Scientist&start=16100&limit=100 HTTP/1.1" 200 None
2022-05-14 15:24:59,069 | DEBUG: Starting new HTTPS connection (1): in.indeed.com:443
2022-05-14 15:25:00,177 | DEBUG: https://in.indeed.com:443 "GET /jobs?q=Data+Scientist&start=16200&limit=100 HTTP/1.1" 200 None
2022-05-14 15:25:06,789 | DEBUG: Starting new HTTPS connection (1): in.indeed.com:443
2022-05-14 15:25:07,952 | DEBUG: https://in.indeed.com:443 "GET /jobs?q=Data+Scientist&start=16300&limit=100 HTTP/1.1" 200 None
2022-05-14 15:25:13,841 | DEBUG: Starting new HTTPS connection (1): in.indeed.com:443
2022-05-14 15:25:15,124 | DEBUG: https://in.indeed.com:443 "GET /jobs?q=Data+Scientist&start=16400&limit=100 HTTP/1.1" 200 None
2022-05-14 15:25:21,214 | DEBUG: Starting new HTTPS connection (1): in.indeed.com:443
2022-05-14 15:25:22,503 | DEBUG: https://in.indeed.com:443 "GET /jobs?q=Data+Scientist&start=16500&limit=100 HTTP/1.1" 200 None
2022-05-14 15:25:29,122 | DEBUG: Starting new HTTPS connection (1): in.indeed.com:443
2022-05-14 15:25:30,277 | DEBUG: https://in.indeed.com:443 "GET /jobs?q=Data+Scientist&start=16600&limit=100 HTTP/1.1" 200 None
2022-05-14 15:25:36,905 | DEBUG: Starting new HTTPS connection (1): in.indeed.com:443
2022-05-14 15:25:38,063 | DEBUG: https://in.indeed.com:443 "GET /jobs?q=Data+Scientist&start=16700&limit=100 HTTP/1.1" 200 None
2022-05-14 15:25:44,549 | DEBUG: Starting new HTTPS connection (1): in.indeed.com:443
2022-05-14 15:25:45,739 | DEBUG: https://in.indeed.com:443 "GET /jobs?q=Data+Scientist&start=16800&limit=100 HTTP/1.1" 200 None
2022-05-14 15:25:52,366 | DEBUG: Starting new HTTPS connection (1): in.indeed.com:443
2022-05-14 15:25:53,630 | DEBUG: https://in.indeed.com:443 "GET /jobs?q=Data+Scientist&start=16900&limit=100 HTTP/1.1" 200 None
2022-05-14 15:26:00,249 | DEBUG: Starting new HTTPS connection (1): in.indeed.com:443
2022-05-14 15:26:01,413 | DEBUG: https://in.indeed.com:443 "GET /jobs?q=Data+Scientist&start=17000&limit=100 HTTP/1.1" 200 None
2022-05-14 15:26:07,483 | DEBUG: Starting new HTTPS connection (1): in.indeed.com:443
2022-05-14 15:26:08,679 | DEBUG: https://in.indeed.com:443 "GET /jobs?q=Data+Scientist&start=17100&limit=100 HTTP/1.1" 200 None
2022-05-14 15:26:15,254 | DEBUG: Starting new HTTPS connection (1): in.indeed.com:443
2022-05-14 15:26:16,469 | DEBUG: https://in.indeed.com:443 "GET /jobs?q=Data+Scientist&start=17200&limit=100 HTTP/1.1" 200 None
2022-05-14 15:26:22,835 | DEBUG: Starting new HTTPS connection (1): in.indeed.com:443
2022-05-14 15:26:23,931 | DEBUG: https://in.indeed.com:443 "GET /jobs?q=Data+Scientist&start=17300&limit=100 HTTP/1.1" 200 None
2022-05-14 15:26:30,014 | DEBUG: Starting new HTTPS connection (1): in.indeed.com:443
2022-05-14 15:26:31,272 | DEBUG: https://in.indeed.com:443 "GET /jobs?q=Data+Scientist&start=17400&limit=100 HTTP/1.1" 200 None
2022-05-14 15:26:38,010 | DEBUG: Starting new HTTPS connection (1): in.indeed.com:443
2022-05-14 15:26:39,307 | DEBUG: https://in.indeed.com:443 "GET /jobs?q=Data+Scientist&start=17500&limit=100 HTTP/1.1" 200 None
2022-05-14 15:26:45,888 | DEBUG: Starting new HTTPS connection (1): in.indeed.com:443
2022-05-14 15:26:46,984 | DEBUG: https://in.indeed.com:443 "GET /jobs?q=Data+Scientist&start=17600&limit=100 HTTP/1.1" 200 None
2022-05-14 15:26:53,079 | DEBUG: Starting new HTTPS connection (1): in.indeed.com:443
2022-05-14 15:26:54,253 | DEBUG: https://in.indeed.com:443 "GET /jobs?q=Data+Scientist&start=17700&limit=100 HTTP/1.1" 200 None
2022-05-14 15:27:00,316 | DEBUG: Starting new HTTPS connection (1): in.indeed.com:443
2022-05-14 15:27:01,427 | DEBUG: https://in.indeed.com:443 "GET /jobs?q=Data+Scientist&start=17800&limit=100 HTTP/1.1" 200 None
2022-05-14 15:27:07,607 | DEBUG: Starting new HTTPS connection (1): in.indeed.com:443
2022-05-14 15:27:08,568 | DEBUG: https://in.indeed.com:443 "GET /jobs?q=Data+Scientist&start=17900&limit=100 HTTP/1.1" 200 None
2022-05-14 15:27:14,848 | DEBUG: Starting new HTTPS connection (1): in.indeed.com:443
2022-05-14 15:27:15,959 | DEBUG: https://in.indeed.com:443 "GET /jobs?q=Data+Scientist&start=18000&limit=100 HTTP/1.1" 200 None
2022-05-14 15:27:22,013 | DEBUG: Starting new HTTPS connection (1): in.indeed.com:443
2022-05-14 15:27:23,240 | DEBUG: https://in.indeed.com:443 "GET /jobs?q=Data+Scientist&start=18100&limit=100 HTTP/1.1" 200 None
2022-05-14 15:27:31,010 | DEBUG: Starting new HTTPS connection (1): in.indeed.com:443
2022-05-14 15:27:33,265 | DEBUG: https://in.indeed.com:443 "GET /jobs?q=Data+Scientist&start=18200&limit=100 HTTP/1.1" 200 None
2022-05-14 15:27:41,116 | DEBUG: Starting new HTTPS connection (1): in.indeed.com:443
2022-05-14 15:27:42,382 | DEBUG: https://in.indeed.com:443 "GET /jobs?q=Data+Scientist&start=18300&limit=100 HTTP/1.1" 200 None
2022-05-14 15:27:50,327 | DEBUG: Starting new HTTPS connection (1): in.indeed.com:443
2022-05-14 15:27:51,393 | DEBUG: https://in.indeed.com:443 "GET /jobs?q=Data+Scientist&start=18400&limit=100 HTTP/1.1" 200 None
2022-05-14 15:27:57,491 | DEBUG: Starting new HTTPS connection (1): in.indeed.com:443
2022-05-14 15:27:58,467 | DEBUG: https://in.indeed.com:443 "GET /jobs?q=Data+Scientist&start=18500&limit=100 HTTP/1.1" 200 None
2022-05-14 15:28:04,791 | DEBUG: Starting new HTTPS connection (1): in.indeed.com:443
2022-05-14 15:28:05,734 | DEBUG: https://in.indeed.com:443 "GET /jobs?q=Data+Scientist&start=18600&limit=100 HTTP/1.1" 200 None
2022-05-14 15:28:12,035 | DEBUG: Starting new HTTPS connection (1): in.indeed.com:443
2022-05-14 15:28:14,377 | DEBUG: https://in.indeed.com:443 "GET /jobs?q=Data+Scientist&start=18700&limit=100 HTTP/1.1" 200 None
2022-05-14 15:28:21,226 | DEBUG: Starting new HTTPS connection (1): in.indeed.com:443
2022-05-14 15:28:23,226 | DEBUG: https://in.indeed.com:443 "GET /jobs?q=Data+Scientist&start=18800&limit=100 HTTP/1.1" 200 None
2022-05-14 15:28:31,433 | DEBUG: Starting new HTTPS connection (1): in.indeed.com:443
2022-05-14 15:28:32,559 | DEBUG: https://in.indeed.com:443 "GET /jobs?q=Data+Scientist&start=18900&limit=100 HTTP/1.1" 200 None
2022-05-14 15:28:39,889 | DEBUG: Starting new HTTPS connection (1): in.indeed.com:443
2022-05-14 15:28:41,052 | DEBUG: https://in.indeed.com:443 "GET /jobs?q=Data+Scientist&start=19000&limit=100 HTTP/1.1" 200 None
2022-05-14 15:28:47,660 | DEBUG: Starting new HTTPS connection (1): in.indeed.com:443
2022-05-14 15:28:48,831 | DEBUG: https://in.indeed.com:443 "GET /jobs?q=Data+Scientist&start=19100&limit=100 HTTP/1.1" 200 None
2022-05-14 15:28:56,766 | DEBUG: Starting new HTTPS connection (1): in.indeed.com:443
2022-05-14 15:28:58,058 | DEBUG: https://in.indeed.com:443 "GET /jobs?q=Data+Scientist&start=19200&limit=100 HTTP/1.1" 200 None
