2022-05-14 22:51:51,149 | INFO: NumExpr defaulting to 8 threads.
2022-05-14 22:52:17,774 | DEBUG: pickle loaded: C:\Users\kisho\anaconda3\lib\site-packages\jedi\third_party\typeshed\stdlib\2and3\builtins.pyi
2022-05-14 22:52:17,821 | DEBUG: pickle loaded: C:\Users\kisho\anaconda3\lib\site-packages\jedi\third_party\typeshed\stdlib\3\sys.pyi
2022-05-14 22:56:33,377 | DEBUG: diff parser start
2022-05-14 22:56:33,377 | DEBUG: line_lengths old: 2; new: 1
2022-05-14 22:56:33,377 | DEBUG: -> code[replace] old[1:2] new[1:1]
2022-05-14 22:56:33,377 | DEBUG: parse_part from 1 to 1 (to 0 in part parser)
2022-05-14 22:56:33,379 | DEBUG: diff parser end
2022-05-14 22:56:39,888 | DEBUG: diff parser start
2022-05-14 22:56:39,888 | DEBUG: line_lengths old: 1; new: 1
2022-05-14 22:56:39,888 | DEBUG: -> code[replace] old[1:1] new[1:1]
2022-05-14 22:56:39,888 | DEBUG: parse_part from 1 to 1 (to 0 in part parser)
2022-05-14 22:56:39,888 | DEBUG: diff parser end
2022-05-14 22:56:39,956 | DEBUG: pickle loaded: C:\Users\kisho\anaconda3\lib\site-packages\pandas\core\frame.py
2022-05-14 22:56:40,001 | DEBUG: pickle loaded: C:\Users\kisho\anaconda3\lib\site-packages\pandas\__init__.py
2022-05-14 22:56:40,001 | DEBUG: pickle loaded: C:\Users\kisho\anaconda3\lib\site-packages\pandas\core\__init__.py
2022-05-14 22:56:40,064 | DEBUG: pickle loaded: C:\Users\kisho\anaconda3\lib\site-packages\pandas\core\generic.py
2022-05-14 22:56:40,095 | DEBUG: pickle loaded: C:\Users\kisho\anaconda3\lib\site-packages\pandas\core\base.py
2022-05-14 22:56:40,110 | DEBUG: pickle loaded: C:\Users\kisho\anaconda3\lib\site-packages\pandas\core\accessor.py
2022-05-14 22:56:40,142 | DEBUG: pickle loaded: C:\Users\kisho\anaconda3\lib\site-packages\pandas\core\indexing.py
2022-05-14 22:56:40,188 | DEBUG: pickle loaded: C:\Users\kisho\anaconda3\lib\site-packages\pandas\core\arraylike.py
2022-05-14 22:56:55,468 | DEBUG: diff parser start
2022-05-14 22:56:55,468 | DEBUG: line_lengths old: 1; new: 1
2022-05-14 22:56:55,468 | DEBUG: -> code[replace] old[1:1] new[1:1]
2022-05-14 22:56:55,468 | DEBUG: parse_part from 1 to 1 (to 0 in part parser)
2022-05-14 22:56:55,468 | DEBUG: diff parser end
2022-05-14 22:56:55,545 | DEBUG: pickle loaded: C:\Users\kisho\anaconda3\lib\site-packages\pandas\_typing.py
2022-05-14 22:56:55,561 | DEBUG: pickle loaded: C:\Users\kisho\anaconda3\lib\typing.py
2022-05-14 22:56:55,577 | DEBUG: pickle loaded: C:\Users\kisho\anaconda3\lib\site-packages\jedi\third_party\typeshed\stdlib\3\typing.pyi
2022-05-14 22:56:55,608 | DEBUG: pickle loaded: C:\Users\kisho\anaconda3\lib\types.py
2022-05-14 22:56:55,608 | DEBUG: pickle loaded: C:\Users\kisho\anaconda3\lib\site-packages\jedi\third_party\typeshed\stdlib\3\types.pyi
2022-05-14 22:56:55,639 | DEBUG: pickle loaded: C:\Users\kisho\anaconda3\lib\site-packages\pandas\core\series.py
2022-05-14 23:00:20,046 | DEBUG: diff parser start
2022-05-14 23:00:20,046 | DEBUG: line_lengths old: 1; new: 1
2022-05-14 23:00:20,046 | DEBUG: -> code[replace] old[1:1] new[1:1]
2022-05-14 23:00:20,046 | DEBUG: parse_part from 1 to 1 (to 0 in part parser)
2022-05-14 23:00:20,046 | DEBUG: diff parser end
2022-05-14 23:00:31,032 | DEBUG: diff parser start
2022-05-14 23:00:31,032 | DEBUG: line_lengths old: 1; new: 1
2022-05-14 23:00:31,032 | DEBUG: -> code[replace] old[1:1] new[1:1]
2022-05-14 23:00:31,032 | DEBUG: parse_part from 1 to 1 (to 0 in part parser)
2022-05-14 23:00:31,032 | DEBUG: diff parser end
2022-05-14 23:00:31,879 | DEBUG: pickle loaded: C:\Users\kisho\anaconda3\lib\abc.py
2022-05-14 23:00:31,879 | DEBUG: pickle loaded: C:\Users\kisho\anaconda3\lib\site-packages\jedi\third_party\typeshed\stdlib\3\abc.pyi
2022-05-14 23:00:32,791 | DEBUG: diff parser start
2022-05-14 23:00:32,791 | DEBUG: line_lengths old: 1; new: 1
2022-05-14 23:00:32,791 | DEBUG: -> code[replace] old[1:1] new[1:1]
2022-05-14 23:00:32,792 | DEBUG: parse_part from 1 to 1 (to 0 in part parser)
2022-05-14 23:00:32,792 | DEBUG: diff parser end
2022-05-14 23:00:34,178 | DEBUG: diff parser start
2022-05-14 23:00:34,178 | DEBUG: line_lengths old: 1; new: 1
2022-05-14 23:00:34,178 | DEBUG: -> code[replace] old[1:1] new[1:1]
2022-05-14 23:00:34,179 | DEBUG: parse_part from 1 to 1 (to 0 in part parser)
2022-05-14 23:00:34,179 | DEBUG: diff parser end
2022-05-14 23:02:51,634 | DEBUG: diff parser start
2022-05-14 23:02:51,634 | DEBUG: line_lengths old: 1; new: 1
2022-05-14 23:02:51,634 | DEBUG: -> code[replace] old[1:1] new[1:1]
2022-05-14 23:02:51,634 | DEBUG: parse_part from 1 to 1 (to 0 in part parser)
2022-05-14 23:02:51,640 | DEBUG: diff parser end
2022-05-14 23:02:58,221 | DEBUG: diff parser start
2022-05-14 23:02:58,221 | DEBUG: line_lengths old: 1; new: 1
2022-05-14 23:02:58,221 | DEBUG: -> code[replace] old[1:1] new[1:1]
2022-05-14 23:02:58,221 | DEBUG: parse_part from 1 to 1 (to 0 in part parser)
2022-05-14 23:02:58,221 | DEBUG: diff parser end
2022-05-14 23:03:11,243 | DEBUG: diff parser start
2022-05-14 23:03:11,243 | DEBUG: line_lengths old: 1; new: 1
2022-05-14 23:03:11,243 | DEBUG: -> code[replace] old[1:1] new[1:1]
2022-05-14 23:03:11,243 | DEBUG: parse_part from 1 to 1 (to 0 in part parser)
2022-05-14 23:03:11,243 | DEBUG: diff parser end
2022-05-14 23:03:42,842 | DEBUG: diff parser start
2022-05-14 23:03:42,842 | DEBUG: line_lengths old: 1; new: 1
2022-05-14 23:03:42,842 | DEBUG: -> code[replace] old[1:1] new[1:1]
2022-05-14 23:03:42,842 | DEBUG: parse_part from 1 to 1 (to 0 in part parser)
2022-05-14 23:03:42,842 | DEBUG: diff parser end
